['VAR', 'VAR', '-1']
['IDENTIFIER', 'id', 'x']
['COMMA', ',', '-1']
['IDENTIFIER', 'id', 'y']
['COMMA', ',', '-1']
['IDENTIFIER', 'id', 'z']
['COMMA', ',', '-1']
['IDENTIFIER', 'id', 'q']
['COMMA', ',', '-1']
['IDENTIFIER', 'id', 'r']
['COMMA', ',', '-1']
['IDENTIFIER', 'id', 'n']
['COMMA', ',', '-1']
['IDENTIFIER', 'id', 'f']
['SEMICOLON', ';', '-1']
['IDENTIFIER', 'id', 'procedure']
['IDENTIFIER', 'id', 'multiply']
['SEMICOLON', ';', '-1']
['VAR', 'VAR', '-1']
['IDENTIFIER', 'id', 'a']
['COMMA', ',', '-1']
['IDENTIFIER', 'id', 'b']
['SEMICOLON', ';', '-1']
['BEGIN', 'BEGIN', '-1']
['IDENTIFIER', 'id', 'a']
['ASSIGN', ':=', '-1']
['IDENTIFIER', 'id', 'x']
['SEMICOLON', ';', '-1']
['IDENTIFIER', 'id', 'b']
['ASSIGN', ':=', '-1']
['IDENTIFIER', 'id', 'y']
['SEMICOLON', ';', '-1']
['IDENTIFIER', 'id', 'z']
['ASSIGN', ':=', '-1']
['IDENTIFIER', 'id', 'x']
['TIMES', '*', '-1']
['IDENTIFIER', 'id', 'y']
['END', 'END', '-1']
['SEMICOLON', ';', '-1']
['IDENTIFIER', 'id', 'procedure']
['IDENTIFIER', 'id', 'divide']
['SEMICOLON', ';', '-1']
['VAR', 'VAR', '-1']
['IDENTIFIER', 'id', 'w']
['SEMICOLON', ';', '-1']
['BEGIN', 'BEGIN', '-1']
['IDENTIFIER', 'id', 'r']
['ASSIGN', ':=', '-1']
['IDENTIFIER', 'id', 'x']
['SEMICOLON', ';', '-1']
['IDENTIFIER', 'id', 'q']
['ASSIGN', ':=', '-1']
['NUMBER', 'num', '0']
['SEMICOLON', ';', '-1']
['IDENTIFIER', 'id', 'w']
['ASSIGN', ':=', '-1']
['IDENTIFIER', 'id', 'y']
['SEMICOLON', ';', '-1']
['WHILE', 'WHILE', '-1']
['IDENTIFIER', 'id', 'w']
['LESS_OR_EQUAL', '<=', '-1']
['IDENTIFIER', 'id', 'r']
['DO', 'DO', '-1']
['IDENTIFIER', 'id', 'w']
['ASSIGN', ':=', '-1']
['NUMBER', 'num', '2']
['TIMES', '*', '-1']
['IDENTIFIER', 'id', 'w']
['SEMICOLON', ';', '-1']
['WHILE', 'WHILE', '-1']
['IDENTIFIER', 'id', 'w']
['GREATER', '>', '-1']
['IDENTIFIER', 'id', 'y']
['DO', 'DO', '-1']
['BEGIN', 'BEGIN', '-1']
['IDENTIFIER', 'id', 'q']
['ASSIGN', ':=', '-1']
['NUMBER', 'num', '2']
['TIMES', '*', '-1']
['IDENTIFIER', 'id', 'q']
['SEMICOLON', ';', '-1']
['IDENTIFIER', 'id', 'w']
['ASSIGN', ':=', '-1']
['IDENTIFIER', 'id', 'w']
['DIVIDE', '/', '-1']
['NUMBER', 'num', '2']
['SEMICOLON', ';', '-1']
['IF', 'IF', '-1']
['IDENTIFIER', 'id', 'w']
['LESS_OR_EQUAL', '<=', '-1']
['IDENTIFIER', 'id', 'r']
['THEN', 'THEN', '-1']
['BEGIN', 'BEGIN', '-1']
['IDENTIFIER', 'id', 'r']
['ASSIGN', ':=', '-1']
['IDENTIFIER', 'id', 'r']
['MINUS', '-', '-1']
['IDENTIFIER', 'id', 'w']
['SEMICOLON', ';', '-1']
['IDENTIFIER', 'id', 'q']
['ASSIGN', ':=', '-1']
['IDENTIFIER', 'id', 'q']
['PLUS', '+', '-1']
['NUMBER', 'num', '1']
['END', 'END', '-1']
['END', 'END', '-1']
['END', 'END', '-1']
['SEMICOLON', ';', '-1']
['IDENTIFIER', 'id', 'procedure']
['IDENTIFIER', 'id', 'gcd']
['SEMICOLON', ';', '-1']
['VAR', 'VAR', '-1']
['IDENTIFIER', 'id', 'g']
['SEMICOLON', ';', '-1']
['BEGIN', 'BEGIN', '-1']
['IDENTIFIER', 'id', 'f']
['ASSIGN', ':=', '-1']
['IDENTIFIER', 'id', 'x']
['SEMICOLON', ';', '-1']
['IDENTIFIER', 'id', 'g']
['ASSIGN', ':=', '-1']
['IDENTIFIER', 'id', 'y']
['SEMICOLON', ';', '-1']
['WHILE', 'WHILE', '-1']
['IDENTIFIER', 'id', 'f']
['IDENTIFIER', 'id', 'g']
['DO', 'DO', '-1']
['BEGIN', 'BEGIN', '-1']
['IF', 'IF', '-1']
['IDENTIFIER', 'id', 'f']
['LESS', '<', '-1']
['IDENTIFIER', 'id', 'g']
['THEN', 'THEN', '-1']
['IDENTIFIER', 'id', 'g']
['ASSIGN', ':=', '-1']
['IDENTIFIER', 'id', 'g']
['MINUS', '-', '-1']
['IDENTIFIER', 'id', 'f']
['SEMICOLON', ';', '-1']
['IF', 'IF', '-1']
['IDENTIFIER', 'id', 'g']
['LESS', '<', '-1']
['IDENTIFIER', 'id', 'f']
['THEN', 'THEN', '-1']
['IDENTIFIER', 'id', 'f']
['ASSIGN', ':=', '-1']
['IDENTIFIER', 'id', 'f']
['MINUS', '-', '-1']
['IDENTIFIER', 'id', 'g']
['END', 'END', '-1']
['SEMICOLON', ';', '-1']
['IDENTIFIER', 'id', 'z']
['ASSIGN', ':=', '-1']
['IDENTIFIER', 'id', 'f']
['END', 'END', '-1']
['SEMICOLON', ';', '-1']
['IDENTIFIER', 'id', 'procedure']
['IDENTIFIER', 'id', 'fact']
['SEMICOLON', ';', '-1']
['BEGIN', 'BEGIN', '-1']
['IF', 'IF', '-1']
['IDENTIFIER', 'id', 'n']
['GREATER', '>', '-1']
['NUMBER', 'num', '1']
['THEN', 'THEN', '-1']
['BEGIN', 'BEGIN', '-1']
['IDENTIFIER', 'id', 'f']
['ASSIGN', ':=', '-1']
['IDENTIFIER', 'id', 'n']
['TIMES', '*', '-1']
['IDENTIFIER', 'id', 'f']
['SEMICOLON', ';', '-1']
['IDENTIFIER', 'id', 'n']
['ASSIGN', ':=', '-1']
['IDENTIFIER', 'id', 'n']
['MINUS', '-', '-1']
['NUMBER', 'num', '1']
['SEMICOLON', ';', '-1']
['IDENTIFIER', 'id', 'call']
['IDENTIFIER', 'id', 'fact']
['END', 'END', '-1']
['END', 'END', '-1']
['SEMICOLON', ';', '-1']
['BEGIN', 'BEGIN', '-1']
['IDENTIFIER', 'id', 'read']
['LEFT_PARENTHESES', '(', '-1']
['IDENTIFIER', 'id', 'x']
['RIGHT_PARENTHESES', ')', '-1']
['SEMICOLON', ';', '-1']
['IDENTIFIER', 'id', 'read']
['LEFT_PARENTHESES', '(', '-1']
['IDENTIFIER', 'id', 'y']
['RIGHT_PARENTHESES', ')', '-1']
['SEMICOLON', ';', '-1']
['IDENTIFIER', 'id', 'call']
['IDENTIFIER', 'id', 'multiply']
['SEMICOLON', ';', '-1']
['IDENTIFIER', 'id', 'write']
['LEFT_PARENTHESES', '(', '-1']
['IDENTIFIER', 'id', 'z']
['RIGHT_PARENTHESES', ')', '-1']
['SEMICOLON', ';', '-1']
['IDENTIFIER', 'id', 'read']
['LEFT_PARENTHESES', '(', '-1']
['IDENTIFIER', 'id', 'x']
['RIGHT_PARENTHESES', ')', '-1']
['SEMICOLON', ';', '-1']
['IDENTIFIER', 'id', 'read']
['LEFT_PARENTHESES', '(', '-1']
['IDENTIFIER', 'id', 'y']
['RIGHT_PARENTHESES', ')', '-1']
['SEMICOLON', ';', '-1']
['IDENTIFIER', 'id', 'call']
['IDENTIFIER', 'id', 'divide']
['SEMICOLON', ';', '-1']
['IDENTIFIER', 'id', 'write']
['LEFT_PARENTHESES', '(', '-1']
['IDENTIFIER', 'id', 'q']
['RIGHT_PARENTHESES', ')', '-1']
['SEMICOLON', ';', '-1']
['IDENTIFIER', 'id', 'write']
['LEFT_PARENTHESES', '(', '-1']
['IDENTIFIER', 'id', 'r']
['RIGHT_PARENTHESES', ')', '-1']
['SEMICOLON', ';', '-1']
['IDENTIFIER', 'id', 'read']
['LEFT_PARENTHESES', '(', '-1']
['IDENTIFIER', 'id', 'x']
['RIGHT_PARENTHESES', ')', '-1']
['SEMICOLON', ';', '-1']
['IDENTIFIER', 'id', 'read']
['LEFT_PARENTHESES', '(', '-1']
['IDENTIFIER', 'id', 'y']
['RIGHT_PARENTHESES', ')', '-1']
['SEMICOLON', ';', '-1']
['IDENTIFIER', 'id', 'call']
['IDENTIFIER', 'id', 'gcd']
['SEMICOLON', ';', '-1']
['IDENTIFIER', 'id', 'write']
['LEFT_PARENTHESES', '(', '-1']
['IDENTIFIER', 'id', 'z']
['RIGHT_PARENTHESES', ')', '-1']
['SEMICOLON', ';', '-1']
['IDENTIFIER', 'id', 'read']
['LEFT_PARENTHESES', '(', '-1']
['IDENTIFIER', 'id', 'n']
['RIGHT_PARENTHESES', ')', '-1']
['SEMICOLON', ';', '-1']
['IDENTIFIER', 'id', 'f']
['ASSIGN', ':=', '-1']
['NUMBER', 'num', '1']
['SEMICOLON', ';', '-1']
['IDENTIFIER', 'id', 'call']
['IDENTIFIER', 'id', 'fact']
['SEMICOLON', ';', '-1']
['IDENTIFIER', 'id', 'write']
['LEFT_PARENTHESES', '(', '-1']
['IDENTIFIER', 'id', 'f']
['RIGHT_PARENTHESES', ')', '-1']
['END', 'END', '-1']
['DOT', '.', '-1']
